2025-11-12 02:34:24 [scrapy.utils.log] INFO: Scrapy 2.13.3 started (bot: scrapybot)
2025-11-12 02:34:24 [scrapy.utils.log] INFO: Versions:
{'lxml': '6.0.0',
 'libxml2': '2.14.4',
 'cssselect': '1.3.0',
 'parsel': '1.10.0',
 'w3lib': '2.3.1',
 'Twisted': '25.5.0',
 'Python': '3.13.2 (main, Feb  4 2025, 14:51:09) [Clang 16.0.0 '
           '(clang-1600.0.26.6)]',
 'pyOpenSSL': '25.1.0 (OpenSSL 3.5.2 5 Aug 2025)',
 'cryptography': '45.0.6',
 'Platform': 'macOS-26.0.1-arm64-arm-64bit-Mach-O'}
2025-11-12 02:34:24 [trustpilot] INFO: Loaded checkpoint: 2008 reviews scraped, last page: 100
2025-11-12 02:34:24 [trustpilot] INFO: Loaded 25 cookies from trustpilot_cookies.json
2025-11-12 02:34:24 [trustpilot] INFO: Updated Playwright context with storage_state for authentication
2025-11-12 02:34:24 [scrapy.addons] INFO: Enabled addons:
[]
2025-11-12 02:34:24 [asyncio] DEBUG: Using selector: KqueueSelector
2025-11-12 02:34:24 [scrapy.utils.log] DEBUG: Using reactor: twisted.internet.asyncioreactor.AsyncioSelectorReactor
2025-11-12 02:34:24 [scrapy.utils.log] DEBUG: Using asyncio event loop: asyncio.unix_events._UnixSelectorEventLoop
2025-11-12 02:34:24 [scrapy.extensions.telnet] INFO: Telnet Password: d2777f889022f76f
2025-11-12 02:34:24 [scrapy.middleware] INFO: Enabled extensions:
['scrapy.extensions.corestats.CoreStats',
 'scrapy.extensions.telnet.TelnetConsole',
 'scrapy.extensions.memusage.MemoryUsage',
 'scrapy.extensions.feedexport.FeedExporter',
 'scrapy.extensions.logstats.LogStats',
 'scrapy.extensions.throttle.AutoThrottle']
2025-11-12 02:34:24 [scrapy.crawler] INFO: Overridden settings:
{'AUTOTHROTTLE_ENABLED': True,
 'AUTOTHROTTLE_MAX_DELAY': 10,
 'AUTOTHROTTLE_START_DELAY': 3,
 'AUTOTHROTTLE_TARGET_CONCURRENCY': 1.5,
 'CONCURRENT_REQUESTS': 2,
 'DOWNLOAD_DELAY': 3,
 'DOWNLOAD_TIMEOUT': 60,
 'RANDOMIZE_DOWNLOAD_DELAY': 0.5,
 'RETRY_HTTP_CODES': [403, 429, 500, 502, 503, 504],
 'RETRY_TIMES': 3,
 'SPIDER_LOADER_WARN_ONLY': True,
 'USER_AGENT': 'Mozilla/5.0 (Macintosh; Intel Mac OS X 10_15_7) '
               'AppleWebKit/537.36 (KHTML, like Gecko) Chrome/124.0.0.0 '
               'Safari/537.36'}
2025-11-12 02:34:24 [scrapy.middleware] INFO: Enabled downloader middlewares:
['scrapy.downloadermiddlewares.offsite.OffsiteMiddleware',
 'scrapy.downloadermiddlewares.httpauth.HttpAuthMiddleware',
 'scrapy.downloadermiddlewares.downloadtimeout.DownloadTimeoutMiddleware',
 'scrapy.downloadermiddlewares.defaultheaders.DefaultHeadersMiddleware',
 'scrapy.downloadermiddlewares.useragent.UserAgentMiddleware',
 'scrapy.downloadermiddlewares.retry.RetryMiddleware',
 'scrapy.downloadermiddlewares.redirect.MetaRefreshMiddleware',
 'scrapy.downloadermiddlewares.httpcompression.HttpCompressionMiddleware',
 'scrapy.downloadermiddlewares.redirect.RedirectMiddleware',
 'scrapy.downloadermiddlewares.cookies.CookiesMiddleware',
 'scrapy.downloadermiddlewares.httpproxy.HttpProxyMiddleware',
 'scrapy.downloadermiddlewares.stats.DownloaderStats']
2025-11-12 02:34:24 [scrapy.middleware] INFO: Enabled spider middlewares:
['scrapy.spidermiddlewares.start.StartSpiderMiddleware',
 'scrapy.spidermiddlewares.httperror.HttpErrorMiddleware',
 'scrapy.spidermiddlewares.referer.RefererMiddleware',
 'scrapy.spidermiddlewares.urllength.UrlLengthMiddleware',
 'scrapy.spidermiddlewares.depth.DepthMiddleware']
2025-11-12 02:34:24 [scrapy.middleware] INFO: Enabled item pipelines:
[]
2025-11-12 02:34:24 [scrapy.core.engine] INFO: Spider opened
2025-11-12 02:34:24 [py.warnings] WARNING: /Users/ZS/Developer/Code/Work/Xlancr/research/review_scraper/.venv/lib/python3.13/site-packages/scrapy/core/spidermw.py:433: ScrapyDeprecationWarning: trustpilot.TrustpilotSpider defines the deprecated start_requests() method. start_requests() has been deprecated in favor of a new method, start(), to support asynchronous code execution. start_requests() will stop being called in a future version of Scrapy. If you use Scrapy 2.13 or higher only, replace start_requests() with start(); note that start() is a coroutine (async def). If you need to maintain compatibility with lower Scrapy versions, when overriding start_requests() in a spider class, override start() as well; you can use super() to reuse the inherited start() implementation without copy-pasting. See the release notes of Scrapy 2.13 for details: https://docs.scrapy.org/en/2.13/news.html
  warn(

2025-11-12 02:34:24 [scrapy.extensions.logstats] INFO: Crawled 0 pages (at 0 pages/min), scraped 0 items (at 0 items/min)
2025-11-12 02:34:24 [scrapy.extensions.telnet] INFO: Telnet console listening on 127.0.0.1:6023
2025-11-12 02:34:24 [scrapy-playwright] INFO: Starting download handler
2025-11-12 02:34:24 [scrapy-playwright] INFO: Starting download handler
2025-11-12 02:34:24 [scrapy-playwright] INFO: Launching 1 startup context(s)
2025-11-12 02:34:24 [scrapy-playwright] INFO: Launching browser chromium
2025-11-12 02:34:25 [scrapy-playwright] INFO: Launching 1 startup context(s)
2025-11-12 02:34:25 [scrapy-playwright] INFO: Launching browser chromium
2025-11-12 02:34:25 [scrapy.utils.signal] ERROR: Error caught on signal handler: <bound method ScrapyPlaywrightDownloadHandler._engine_started of <scrapy_playwright.handler.ScrapyPlaywrightDownloadHandler object at 0x10830ad50>>
Traceback (most recent call last):
  File "/Users/ZS/Developer/Code/Work/Xlancr/research/review_scraper/.venv/lib/python3.13/site-packages/twisted/internet/defer.py", line 1257, in adapt
    extracted: _SelfResultT | Failure = result.result()
                                        ~~~~~~~~~~~~~^^
  File "/Users/ZS/Developer/Code/Work/Xlancr/research/review_scraper/.venv/lib/python3.13/site-packages/scrapy_playwright/handler.py", line 192, in _launch
    await asyncio.gather(
    ...<4 lines>...
    )
  File "/Users/ZS/Developer/Code/Work/Xlancr/research/review_scraper/.venv/lib/python3.13/site-packages/scrapy_playwright/handler.py", line 258, in _create_browser_context
    await self._maybe_launch_browser()
  File "/Users/ZS/Developer/Code/Work/Xlancr/research/review_scraper/.venv/lib/python3.13/site-packages/scrapy_playwright/handler.py", line 206, in _maybe_launch_browser
    self.browser = await self.browser_type.launch(**self.config.launch_options)
                   ^^^^^^^^^^^^^^^^^^^^^^^^^^^^^^^^^^^^^^^^^^^^^^^^^^^^^^^^^^^^
  File "/Users/ZS/Developer/Code/Work/Xlancr/research/review_scraper/.venv/lib/python3.13/site-packages/playwright/async_api/_generated.py", line 14457, in launch
    await self._impl_obj.launch(
    ...<17 lines>...
    )
  File "/Users/ZS/Developer/Code/Work/Xlancr/research/review_scraper/.venv/lib/python3.13/site-packages/playwright/_impl/_browser_type.py", line 98, in launch
    await self._channel.send(
        "launch", TimeoutSettings.launch_timeout, params
    )
  File "/Users/ZS/Developer/Code/Work/Xlancr/research/review_scraper/.venv/lib/python3.13/site-packages/playwright/_impl/_connection.py", line 69, in send
    return await self._connection.wrap_api_call(
           ^^^^^^^^^^^^^^^^^^^^^^^^^^^^^^^^^^^^^
    ...<3 lines>...
    )
    ^
  File "/Users/ZS/Developer/Code/Work/Xlancr/research/review_scraper/.venv/lib/python3.13/site-packages/playwright/_impl/_connection.py", line 558, in wrap_api_call
    raise rewrite_error(error, f"{parsed_st['apiName']}: {error}") from None
playwright._impl._errors.Error: BrowserType.launch: Executable doesn't exist at /Users/ZS/Library/Caches/ms-playwright/chromium_headless_shell-1181/chrome-mac/headless_shell
╔════════════════════════════════════════════════════════════╗
║ Looks like Playwright was just installed or updated.       ║
║ Please run the following command to download new browsers: ║
║                                                            ║
║     playwright install                                     ║
║                                                            ║
║ <3 Playwright Team                                         ║
╚════════════════════════════════════════════════════════════╝
2025-11-12 02:34:25 [scrapy.utils.signal] ERROR: Error caught on signal handler: <bound method ScrapyPlaywrightDownloadHandler._engine_started of <scrapy_playwright.handler.ScrapyPlaywrightDownloadHandler object at 0x107f37770>>
Traceback (most recent call last):
  File "/Users/ZS/Developer/Code/Work/Xlancr/research/review_scraper/.venv/lib/python3.13/site-packages/twisted/internet/defer.py", line 1257, in adapt
    extracted: _SelfResultT | Failure = result.result()
                                        ~~~~~~~~~~~~~^^
  File "/Users/ZS/Developer/Code/Work/Xlancr/research/review_scraper/.venv/lib/python3.13/site-packages/scrapy_playwright/handler.py", line 192, in _launch
    await asyncio.gather(
    ...<4 lines>...
    )
  File "/Users/ZS/Developer/Code/Work/Xlancr/research/review_scraper/.venv/lib/python3.13/site-packages/scrapy_playwright/handler.py", line 258, in _create_browser_context
    await self._maybe_launch_browser()
  File "/Users/ZS/Developer/Code/Work/Xlancr/research/review_scraper/.venv/lib/python3.13/site-packages/scrapy_playwright/handler.py", line 206, in _maybe_launch_browser
    self.browser = await self.browser_type.launch(**self.config.launch_options)
                   ^^^^^^^^^^^^^^^^^^^^^^^^^^^^^^^^^^^^^^^^^^^^^^^^^^^^^^^^^^^^
  File "/Users/ZS/Developer/Code/Work/Xlancr/research/review_scraper/.venv/lib/python3.13/site-packages/playwright/async_api/_generated.py", line 14457, in launch
    await self._impl_obj.launch(
    ...<17 lines>...
    )
  File "/Users/ZS/Developer/Code/Work/Xlancr/research/review_scraper/.venv/lib/python3.13/site-packages/playwright/_impl/_browser_type.py", line 98, in launch
    await self._channel.send(
        "launch", TimeoutSettings.launch_timeout, params
    )
  File "/Users/ZS/Developer/Code/Work/Xlancr/research/review_scraper/.venv/lib/python3.13/site-packages/playwright/_impl/_connection.py", line 69, in send
    return await self._connection.wrap_api_call(
           ^^^^^^^^^^^^^^^^^^^^^^^^^^^^^^^^^^^^^
    ...<3 lines>...
    )
    ^
  File "/Users/ZS/Developer/Code/Work/Xlancr/research/review_scraper/.venv/lib/python3.13/site-packages/playwright/_impl/_connection.py", line 558, in wrap_api_call
    raise rewrite_error(error, f"{parsed_st['apiName']}: {error}") from None
playwright._impl._errors.Error: BrowserType.launch: Executable doesn't exist at /Users/ZS/Library/Caches/ms-playwright/chromium_headless_shell-1181/chrome-mac/headless_shell
╔════════════════════════════════════════════════════════════╗
║ Looks like Playwright was just installed or updated.       ║
║ Please run the following command to download new browsers: ║
║                                                            ║
║     playwright install                                     ║
║                                                            ║
║ <3 Playwright Team                                         ║
╚════════════════════════════════════════════════════════════╝
2025-11-12 02:34:25 [trustpilot] INFO: Using authenticated session with storage_state from trustpilot_storage_state.json
2025-11-12 02:34:25 [scrapy-playwright] INFO: Launching browser chromium
2025-11-12 02:34:25 [scrapy.core.scraper] ERROR: Error downloading <GET https://www.trustpilot.com/review/www.fiverr.com>
Traceback (most recent call last):
  File "/Users/ZS/Developer/Code/Work/Xlancr/research/review_scraper/.venv/lib/python3.13/site-packages/twisted/internet/defer.py", line 1853, in _inlineCallbacks
    result = context.run(
        cast(Failure, result).throwExceptionIntoGenerator, gen
    )
  File "/Users/ZS/Developer/Code/Work/Xlancr/research/review_scraper/.venv/lib/python3.13/site-packages/twisted/python/failure.py", line 467, in throwExceptionIntoGenerator
    return g.throw(self.value.with_traceback(self.tb))
           ~~~~~~~^^^^^^^^^^^^^^^^^^^^^^^^^^^^^^^^^^^^
  File "/Users/ZS/Developer/Code/Work/Xlancr/research/review_scraper/.venv/lib/python3.13/site-packages/scrapy/core/downloader/middleware.py", line 68, in process_request
    return (yield download_func(request, spider))
            ^^^^^^^^^^^^^^^^^^^^^^^^^^^^^^^^^^^^
  File "/Users/ZS/Developer/Code/Work/Xlancr/research/review_scraper/.venv/lib/python3.13/site-packages/twisted/internet/defer.py", line 1257, in adapt
    extracted: _SelfResultT | Failure = result.result()
                                        ~~~~~~~~~~~~~^^
  File "/Users/ZS/Developer/Code/Work/Xlancr/research/review_scraper/.venv/lib/python3.13/site-packages/scrapy_playwright/handler.py", line 380, in _download_request
    return await self._download_request_with_retry(request=request, spider=spider)
           ^^^^^^^^^^^^^^^^^^^^^^^^^^^^^^^^^^^^^^^^^^^^^^^^^^^^^^^^^^^^^^^^^^^^^^^
  File "/Users/ZS/Developer/Code/Work/Xlancr/research/review_scraper/.venv/lib/python3.13/site-packages/scrapy_playwright/handler.py", line 399, in _download_request_with_retry
    page = await self._create_page(request=request, spider=spider)
           ^^^^^^^^^^^^^^^^^^^^^^^^^^^^^^^^^^^^^^^^^^^^^^^^^^^^^^^
  File "/Users/ZS/Developer/Code/Work/Xlancr/research/review_scraper/.venv/lib/python3.13/site-packages/scrapy_playwright/handler.py", line 297, in _create_page
    ctx_wrapper = await self._create_browser_context(
                  ^^^^^^^^^^^^^^^^^^^^^^^^^^^^^^^^^^^
    ...<3 lines>...
    )
    ^
  File "/Users/ZS/Developer/Code/Work/Xlancr/research/review_scraper/.venv/lib/python3.13/site-packages/scrapy_playwright/handler.py", line 258, in _create_browser_context
    await self._maybe_launch_browser()
  File "/Users/ZS/Developer/Code/Work/Xlancr/research/review_scraper/.venv/lib/python3.13/site-packages/scrapy_playwright/handler.py", line 206, in _maybe_launch_browser
    self.browser = await self.browser_type.launch(**self.config.launch_options)
                   ^^^^^^^^^^^^^^^^^^^^^^^^^^^^^^^^^^^^^^^^^^^^^^^^^^^^^^^^^^^^
  File "/Users/ZS/Developer/Code/Work/Xlancr/research/review_scraper/.venv/lib/python3.13/site-packages/playwright/async_api/_generated.py", line 14457, in launch
    await self._impl_obj.launch(
    ...<17 lines>...
    )
  File "/Users/ZS/Developer/Code/Work/Xlancr/research/review_scraper/.venv/lib/python3.13/site-packages/playwright/_impl/_browser_type.py", line 98, in launch
    await self._channel.send(
        "launch", TimeoutSettings.launch_timeout, params
    )
  File "/Users/ZS/Developer/Code/Work/Xlancr/research/review_scraper/.venv/lib/python3.13/site-packages/playwright/_impl/_connection.py", line 69, in send
    return await self._connection.wrap_api_call(
           ^^^^^^^^^^^^^^^^^^^^^^^^^^^^^^^^^^^^^
    ...<3 lines>...
    )
    ^
  File "/Users/ZS/Developer/Code/Work/Xlancr/research/review_scraper/.venv/lib/python3.13/site-packages/playwright/_impl/_connection.py", line 558, in wrap_api_call
    raise rewrite_error(error, f"{parsed_st['apiName']}: {error}") from None
playwright._impl._errors.Error: BrowserType.launch: Executable doesn't exist at /Users/ZS/Library/Caches/ms-playwright/chromium_headless_shell-1181/chrome-mac/headless_shell
╔════════════════════════════════════════════════════════════╗
║ Looks like Playwright was just installed or updated.       ║
║ Please run the following command to download new browsers: ║
║                                                            ║
║     playwright install                                     ║
║                                                            ║
║ <3 Playwright Team                                         ║
╚════════════════════════════════════════════════════════════╝
2025-11-12 02:34:25 [scrapy.core.engine] INFO: Closing spider (finished)
2025-11-12 02:34:25 [scrapy.extensions.feedexport] INFO: Stored json feed (0 items) in: trustpilot_reviews.json
2025-11-12 02:34:25 [scrapy.statscollectors] INFO: Dumping Scrapy stats:
{'downloader/exception_count': 1,
 'downloader/exception_type_count/playwright._impl._errors.Error': 1,
 'downloader/request_bytes': 291,
 'downloader/request_count': 1,
 'downloader/request_method_count/GET': 1,
 'elapsed_time_seconds': 0.545567,
 'feedexport/success_count/FileFeedStorage': 1,
 'finish_reason': 'finished',
 'finish_time': datetime.datetime(2025, 11, 11, 21, 4, 25, 122012, tzinfo=datetime.timezone.utc),
 'items_per_minute': None,
 'log_count/DEBUG': 3,
 'log_count/ERROR': 3,
 'log_count/INFO': 19,
 'log_count/WARNING': 1,
 'memusage/max': 79986688,
 'memusage/startup': 79986688,
 'responses_per_minute': None,
 'scheduler/dequeued': 1,
 'scheduler/dequeued/memory': 1,
 'scheduler/enqueued': 1,
 'scheduler/enqueued/memory': 1,
 'start_time': datetime.datetime(2025, 11, 11, 21, 4, 24, 576445, tzinfo=datetime.timezone.utc)}
2025-11-12 02:34:25 [scrapy.core.engine] INFO: Spider closed (finished)
2025-11-12 02:34:25 [scrapy-playwright] INFO: Closing download handler
2025-11-12 02:34:25 [scrapy-playwright] INFO: Closing download handler
